#
# There is insufficient memory for the Java Runtime Environment to continue.
# Native memory allocation (mmap) failed to map 264241152 bytes for G1 virtual space
# Possible reasons:
#   The system is out of physical RAM or swap space
#   The process is running with CompressedOops enabled, and the Java Heap may be blocking the growth of the native heap
# Possible solutions:
#   Reduce memory load on the system
#   Increase physical memory or swap space
#   Check if swap backing store is full
#   Decrease Java heap size (-Xmx/-Xms)
#   Decrease number of Java threads
#   Decrease Java thread stack sizes (-Xss)
#   Set larger code cache with -XX:ReservedCodeCacheSize=
#   JVM is running with Zero Based Compressed Oops mode in which the Java heap is
#     placed in the first 32GB address space. The Java Heap base address is the
#     maximum limit for the native heap growth. Please use -XX:HeapBaseMinAddress
#     to set the Java Heap base and to place the Java Heap above 32GB virtual address.
# This output file may be truncated or incomplete.
#
#  Out of Memory Error (os_windows.cpp:3536), pid=9056, tid=33100
#
# JRE version:  (19.0.2+7) (build )
# Java VM: OpenJDK 64-Bit Server VM (19.0.2+7-44, mixed mode, sharing, tiered, compressed oops, compressed class ptrs, g1 gc, windows-amd64)
# No core dump will be written. Minidumps are not enabled by default on client versions of Windows
#

---------------  S U M M A R Y ------------

Command Line: -Dmaven.multiModuleProjectDirectory=C:\Users\23763\Desktop\java\assignment2\Assignment2-main\Assignment2-main -Dmaven.home=C:\Program Files\JetBrains\IntelliJ IDEA Community Edition 2022.2.2\plugins\maven\lib\maven3 -Dclassworlds.conf=C:\Program Files\JetBrains\IntelliJ IDEA Community Edition 2022.2.2\plugins\maven\lib\maven3\bin\m2.conf -Dmaven.ext.class.path=C:\Program Files\JetBrains\IntelliJ IDEA Community Edition 2022.2.2\plugins\maven\lib\maven-event-listener.jar -javaagent:C:\Program Files\JetBrains\IntelliJ IDEA Community Edition 2022.2.2\lib\idea_rt.jar=59408:C:\Program Files\JetBrains\IntelliJ IDEA Community Edition 2022.2.2\bin -Dfile.encoding=UTF-8 -Dsun.stdout.encoding=UTF-8 -Dsun.stderr.encoding=UTF-8 org.codehaus.classworlds.Launcher -Didea.version=2022.2.2 javafx:run -pl chatting-client

Host: 12th Gen Intel(R) Core(TM) i5-12500H, 16 cores, 15G,  Windows 11 , 64 bit Build 22621 (10.0.22621.1485)
Time: Sun Apr 23 14:49:30 2023  Windows 11 , 64 bit Build 22621 (10.0.22621.1485) elapsed time: 0.023060 seconds (0d 0h 0m 0s)

---------------  T H R E A D  ---------------

Current thread (0x00000236f0f4ba50):  JavaThread "Unknown thread" [_thread_in_vm, id=33100, stack(0x000000acc4d00000,0x000000acc4e00000)]

Stack: [0x000000acc4d00000,0x000000acc4e00000]
Native frames: (J=compiled Java code, j=interpreted, Vv=VM code, C=native code)
V  [jvm.dll+0x6ee21a]
V  [jvm.dll+0x85765e]
V  [jvm.dll+0x85904e]
V  [jvm.dll+0x859703]
V  [jvm.dll+0x28298f]
V  [jvm.dll+0x6eb009]
V  [jvm.dll+0x6dfbaa]
V  [jvm.dll+0x3573f6]
V  [jvm.dll+0x35ee56]
V  [jvm.dll+0x3b541e]
V  [jvm.dll+0x3b564f]
V  [jvm.dll+0x32c9ea]
V  [jvm.dll+0x32d89e]
V  [jvm.dll+0x821780]
V  [jvm.dll+0x3c2661]
V  [jvm.dll+0x801f51]
V  [jvm.dll+0x44ae8f]
V  [jvm.dll+0x44c811]
C  [jli.dll+0x5287]
C  [ucrtbase.dll+0x29363]
C  [KERNEL32.DLL+0x1269d]
C  [ntdll.dll+0x5a9f8]


---------------  P R O C E S S  ---------------

Threads class SMR info:
_java_thread_list=0x00007ffe39b2d048, length=0, elements={
}

Java Threads: ( => current thread )

Other Threads:
  0x00000236f0fbc8a0 WorkerThread "GC Thread#0" [stack: 0x000000acc4e00000,0x000000acc4f00000] [id=83484]
  0x00000236f0fcd6c0 ConcurrentGCThread "G1 Main Marker" [stack: 0x000000acc4f00000,0x000000acc5000000] [id=84056]
  0x00000236f0fce0f0 WorkerThread "G1 Conc#0" [stack: 0x000000acc5000000,0x000000acc5100000] [id=85116]

[error occurred during error reporting (printing all threads), id 0xc0000005, EXCEPTION_ACCESS_VIOLATION (0xc0000005) at pc=0x00007ffe392ed427]

VM state: not at safepoint (not fully initialized)

VM Mutex/Monitor currently owned by a thread:  ([mutex/lock_event])
[0x00000236f0f46f50] Heap_lock - owner thread: 0x00000236f0f4ba50

Heap address: 0x0000000704400000, size: 4028 MB, Compressed Oops mode: Zero based, Oop shift amount: 3

CDS archive(s) mapped at: [0x0000000000000000-0x0000000000000000-0x0000000000000000), size 0, SharedBaseAddress: 0x0000000800000000, ArchiveRelocationMode: 0.
Narrow klass base: 0x0000000000000000, Narrow klass shift: 0, Narrow klass range: 0x0

GC Precious Log:
 CardTable entry size: 512
 Card Set container configuration: InlinePtr #cards 4 size 8 Array Of Cards #cards 16 size 48 Howl #buckets 8 coarsen threshold 3686 Howl Bitmap #cards 512 size 80 coarsen threshold 460 Card regions per heap region 1 cards per card region 4096

Heap:
 garbage-first heap   total 0K, used 0K [0x0000000704400000, 0x0000000800000000)
  region size 2048K, 0 young (0K), 0 survivors (0K)

[error occurred during error reporting (printing heap information), id 0xc0000005, EXCEPTION_ACCESS_VIOLATION (0xc0000005) at pc=0x00007ffe396f6649]

GC Heap History (0 events):
No events

Dll operation events (1 events):
Event: 0.017 Loaded shared library C:\Users\23763\.jdks\openjdk-19.0.2\bin\java.dll

Deoptimization events (0 events):
No events

Classes loaded (0 events):
No events

Classes unloaded (0 events):
No events

Classes redefined (0 events):
No events

Internal exceptions (0 events):
No events

VM Operations (0 events):
No events

Events (0 events):
No events


Dynamic libraries:
0x00007ff772f40000 - 0x00007ff772f4e000 	C:\Users\23763\.jdks\openjdk-19.0.2\bin\java.exe
0x00007ffe8dab0000 - 0x00007ffe8dcc4000 	C:\WINDOWS\SYSTEM32\ntdll.dll
0x00007ffe8c300000 - 0x00007ffe8c3c2000 	C:\WINDOWS\System32\KERNEL32.DLL
0x00007ffe8b030000 - 0x00007ffe8b3cc000 	C:\WINDOWS\System32\KERNELBASE.dll
0x00007ffe8b7a0000 - 0x00007ffe8b8b1000 	C:\WINDOWS\System32\ucrtbase.dll
0x00007ffe850d0000 - 0x00007ffe850eb000 	C:\Users\23763\.jdks\openjdk-19.0.2\bin\VCRUNTIME140.dll
0x00007ffe84860000 - 0x00007ffe84877000 	C:\Users\23763\.jdks\openjdk-19.0.2\bin\jli.dll
0x00007ffe8c3e0000 - 0x00007ffe8c58b000 	C:\WINDOWS\System32\USER32.dll
0x00007ffe8b650000 - 0x00007ffe8b676000 	C:\WINDOWS\System32\win32u.dll
0x00007ffe8cb70000 - 0x00007ffe8cb99000 	C:\WINDOWS\System32\GDI32.dll
0x00007ffe8b680000 - 0x00007ffe8b793000 	C:\WINDOWS\System32\gdi32full.dll
0x00007ffe8b5b0000 - 0x00007ffe8b64a000 	C:\WINDOWS\System32\msvcp_win.dll
0x00007ffe6a720000 - 0x00007ffe6a9ae000 	C:\WINDOWS\WinSxS\amd64_microsoft.windows.common-controls_6595b64144ccf1df_6.0.22621.608_none_a9444ca7c10bb01d\COMCTL32.dll
0x00007ffe8d4d0000 - 0x00007ffe8d577000 	C:\WINDOWS\System32\msvcrt.dll
0x00007ffe8c2c0000 - 0x00007ffe8c2f1000 	C:\WINDOWS\System32\IMM32.DLL
0x00007ffe85170000 - 0x00007ffe8517c000 	C:\Users\23763\.jdks\openjdk-19.0.2\bin\vcruntime140_1.dll
0x00007ffe838f0000 - 0x00007ffe8397e000 	C:\Users\23763\.jdks\openjdk-19.0.2\bin\msvcp140.dll
0x00007ffe38fb0000 - 0x00007ffe39c70000 	C:\Users\23763\.jdks\openjdk-19.0.2\bin\server\jvm.dll
0x00007ffe8d6a0000 - 0x00007ffe8d74e000 	C:\WINDOWS\System32\ADVAPI32.dll
0x00007ffe8c620000 - 0x00007ffe8c6c4000 	C:\WINDOWS\System32\sechost.dll
0x00007ffe8c020000 - 0x00007ffe8c137000 	C:\WINDOWS\System32\RPCRT4.dll
0x00007ffe638b0000 - 0x00007ffe638e4000 	C:\WINDOWS\SYSTEM32\WINMM.dll
0x00007ffe84c50000 - 0x00007ffe84c5a000 	C:\WINDOWS\SYSTEM32\VERSION.dll
0x00007ffe83bc0000 - 0x00007ffe83bc9000 	C:\WINDOWS\SYSTEM32\WSOCK32.dll
0x00007ffe8d9f0000 - 0x00007ffe8da61000 	C:\WINDOWS\System32\WS2_32.dll
0x00007ffe8a030000 - 0x00007ffe8a048000 	C:\WINDOWS\SYSTEM32\kernel.appcore.dll
0x00007ffe85120000 - 0x00007ffe8512a000 	C:\Users\23763\.jdks\openjdk-19.0.2\bin\jimage.dll
0x00007ffe885b0000 - 0x00007ffe887de000 	C:\WINDOWS\SYSTEM32\DBGHELP.DLL
0x00007ffe8c7d0000 - 0x00007ffe8cb59000 	C:\WINDOWS\System32\combase.dll
0x00007ffe8d910000 - 0x00007ffe8d9e7000 	C:\WINDOWS\System32\OLEAUT32.dll
0x00007ffe84630000 - 0x00007ffe84662000 	C:\WINDOWS\SYSTEM32\dbgcore.DLL
0x00007ffe8afb0000 - 0x00007ffe8b02b000 	C:\WINDOWS\System32\bcryptPrimitives.dll
0x00007ffe850c0000 - 0x00007ffe850ce000 	C:\Users\23763\.jdks\openjdk-19.0.2\bin\instrument.dll
0x00007ffe83b50000 - 0x00007ffe83b76000 	C:\Users\23763\.jdks\openjdk-19.0.2\bin\java.dll

dbghelp: loaded successfully - version: 4.0.5 - missing functions: none
symbol engine: initialized successfully - sym options: 0x614 - pdb path: .;C:\Users\23763\.jdks\openjdk-19.0.2\bin;C:\WINDOWS\SYSTEM32;C:\WINDOWS\WinSxS\amd64_microsoft.windows.common-controls_6595b64144ccf1df_6.0.22621.608_none_a9444ca7c10bb01d;C:\Users\23763\.jdks\openjdk-19.0.2\bin\server

VM Arguments:
jvm_args: -Dmaven.multiModuleProjectDirectory=C:\Users\23763\Desktop\java\assignment2\Assignment2-main\Assignment2-main -Dmaven.home=C:\Program Files\JetBrains\IntelliJ IDEA Community Edition 2022.2.2\plugins\maven\lib\maven3 -Dclassworlds.conf=C:\Program Files\JetBrains\IntelliJ IDEA Community Edition 2022.2.2\plugins\maven\lib\maven3\bin\m2.conf -Dmaven.ext.class.path=C:\Program Files\JetBrains\IntelliJ IDEA Community Edition 2022.2.2\plugins\maven\lib\maven-event-listener.jar -javaagent:C:\Program Files\JetBrains\IntelliJ IDEA Community Edition 2022.2.2\lib\idea_rt.jar=59408:C:\Program Files\JetBrains\IntelliJ IDEA Community Edition 2022.2.2\bin -Dfile.encoding=UTF-8 -Dsun.stdout.encoding=UTF-8 -Dsun.stderr.encoding=UTF-8 
java_command: org.codehaus.classworlds.Launcher -Didea.version=2022.2.2 javafx:run -pl chatting-client
java_class_path (initial): C:\Program Files\JetBrains\IntelliJ IDEA Community Edition 2022.2.2\plugins\maven\lib\maven3\boot\plexus-classworlds-2.6.0.jar;C:\Program Files\JetBrains\IntelliJ IDEA Community Edition 2022.2.2\plugins\maven\lib\maven3\boot\plexus-classworlds.license
Launcher Type: SUN_STANDARD

[Global flags]
     intx CICompilerCount                          = 12                                        {product} {ergonomic}
     uint ConcGCThreads                            = 3                                         {product} {ergonomic}
     uint G1ConcRefinementThreads                  = 13                                        {product} {ergonomic}
   size_t G1HeapRegionSize                         = 2097152                                   {product} {ergonomic}
    uintx GCDrainStackTargetSize                   = 64                                        {product} {ergonomic}
   size_t InitialHeapSize                          = 264241152                                 {product} {ergonomic}
   size_t MarkStackSize                            = 4194304                                   {product} {ergonomic}
   size_t MaxHeapSize                              = 4223664128                                {product} {ergonomic}
   size_t MinHeapDeltaBytes                        = 2097152                                   {product} {ergonomic}
   size_t MinHeapSize                              = 8388608                                   {product} {ergonomic}
    uintx NonNMethodCodeHeapSize                   = 7602480                                {pd product} {ergonomic}
    uintx NonProfiledCodeHeapSize                  = 122027880                              {pd product} {ergonomic}
    uintx ProfiledCodeHeapSize                     = 122027880                              {pd product} {ergonomic}
    uintx ReservedCodeCacheSize                    = 251658240                              {pd product} {ergonomic}
     bool SegmentedCodeCache                       = true                                      {product} {ergonomic}
   size_t SoftMaxHeapSize                          = 4223664128                             {manageable} {ergonomic}
     bool UseCompressedClassPointers               = true                           {product lp64_product} {ergonomic}
     bool UseCompressedOops                        = true                           {product lp64_product} {ergonomic}
     bool UseG1GC                                  = true                                      {product} {ergonomic}
     bool UseLargePagesIndividualAllocation        = false                                  {pd product} {ergonomic}

Logging:
Log output configuration:
 #0: stdout all=warning uptime,level,tags foldmultilines=false
 #1: stderr all=off uptime,level,tags foldmultilines=false

Environment Variables:
JAVA_HOME=C:\Users\23763\Desktop\Java C++\jdk-17.0.2
PATH=C:\Windows\system32;C:\Windows;C:\Windows\System32\Wbem;C:\Windows\System32\WindowsPowerShell\v1.0\;C:\Windows\System32\OpenSSH\;C:\Program Files (x86)\NVIDIA Corporation\PhysX\Common;C:\Program Files\NVIDIA Corporation\NVIDIA NvDLISR;C:\Users\23763\Desktop\Java C++\jdk-17.0.2\bin;C:\WINDOWS\system32;C:\WINDOWS;C:\WINDOWS\System32\Wbem;C:\WINDOWS\System32\WindowsPowerShell\v1.0\;C:\WINDOWS\System32\OpenSSH\;C:\Program Files (x86)\dotnet\;C:\Program Files\Git\cmd;C:\Program Files\mingw-w64\x86_64-8.1.0-posix-seh-rt_v6-rev0\mingw64\bin;C:\Program Files\dotnet\;C:\Users\23763\AppData\Local\Microsoft\WindowsApps;C:\Program Files\JetBrains\IntelliJ IDEA Community Edition 2022.2.2\bin;;C:\Users\23763\AppData\Local\GitHubDesktop\bin;C:\Users\23763\.dotnet\tools
USERNAME=23763
OS=Windows_NT
PROCESSOR_IDENTIFIER=Intel64 Family 6 Model 154 Stepping 3, GenuineIntel
TMP=C:\Users\23763\AppData\Local\Temp
TEMP=C:\Users\23763\AppData\Local\Temp



---------------  S Y S T E M  ---------------

OS:
 Windows 11 , 64 bit Build 22621 (10.0.22621.1485)
OS uptime: 10 days 12:47 hours

CPU: total 16 (initial active 16) (8 cores per cpu, 2 threads per core) family 6 model 154 stepping 3 microcode 0x413, cx8, cmov, fxsr, ht, mmx, 3dnowpref, sse, sse2, sse3, ssse3, sse4.1, sse4.2, popcnt, lzcnt, tsc, tscinvbit, avx, avx2, aes, erms, clmul, bmi1, bmi2, adx, sha, fma, vzeroupper, clflush, clflushopt, clwb, serialize, rdtscp, rdpid, fsrm

Memory: 4k page, system-wide physical 16108M (811M free)
TotalPageFile size 41708M (AvailPageFile size 19M)
current process WorkingSet (physical memory assigned to process): 12M, peak: 12M
current process commit charge ("private bytes"): 71M, peak: 323M

vm_info: OpenJDK 64-Bit Server VM (19.0.2+7-44) for windows-amd64 JRE (19.0.2+7-44), built on 2022-11-30T18:02:09Z by "mach5one" with MS VC++ 17.1 (VS2022)

END.
