#
# There is insufficient memory for the Java Runtime Environment to continue.
# Native memory allocation (mmap) failed to map 264241152 bytes for G1 virtual space
# Possible reasons:
#   The system is out of physical RAM or swap space
#   The process is running with CompressedOops enabled, and the Java Heap may be blocking the growth of the native heap
# Possible solutions:
#   Reduce memory load on the system
#   Increase physical memory or swap space
#   Check if swap backing store is full
#   Decrease Java heap size (-Xmx/-Xms)
#   Decrease number of Java threads
#   Decrease Java thread stack sizes (-Xss)
#   Set larger code cache with -XX:ReservedCodeCacheSize=
#   JVM is running with Zero Based Compressed Oops mode in which the Java heap is
#     placed in the first 32GB address space. The Java Heap base address is the
#     maximum limit for the native heap growth. Please use -XX:HeapBaseMinAddress
#     to set the Java Heap base and to place the Java Heap above 32GB virtual address.
# This output file may be truncated or incomplete.
#
#  Out of Memory Error (os_windows.cpp:3532), pid=76428, tid=75560
#
# JRE version:  (17.0.2+8) (build )
# Java VM: OpenJDK 64-Bit Server VM (17.0.2+8-86, mixed mode, sharing, tiered, compressed oops, compressed class ptrs, g1 gc, windows-amd64)
# No core dump will be written. Minidumps are not enabled by default on client versions of Windows
#

---------------  S U M M A R Y ------------

Command Line: --module-path=C:\Users\23763\.m2\repository\org\openjfx\javafx-base\19.0.2.1\javafx-base-19.0.2.1-win.jar;C:\Users\23763\.m2\repository\org\openjfx\javafx-base\19.0.2.1\javafx-base-19.0.2.1.jar;C:\Users\23763\.m2\repository\org\openjfx\javafx-controls\19.0.2.1\javafx-controls-19.0.2.1-win.jar;C:\Users\23763\.m2\repository\org\openjfx\javafx-controls\19.0.2.1\javafx-controls-19.0.2.1.jar;C:\Users\23763\.m2\repository\org\openjfx\javafx-fxml\19.0.2.1\javafx-fxml-19.0.2.1-win.jar;C:\Users\23763\.m2\repository\org\openjfx\javafx-fxml\19.0.2.1\javafx-fxml-19.0.2.1.jar;C:\Users\23763\.m2\repository\org\openjfx\javafx-graphics\19.0.2.1\javafx-graphics-19.0.2.1-win.jar;C:\Users\23763\.m2\repository\org\openjfx\javafx-graphics\19.0.2.1\javafx-graphics-19.0.2.1.jar --add-modules=javafx.base,javafx.controls,javafx.fxml,javafx.graphics cn.edu.sustech.cs209.chatting.client.Main

Host: 12th Gen Intel(R) Core(TM) i5-12500H, 16 cores, 15G,  Windows 11 , 64 bit Build 22621 (10.0.22621.1485)
Time: Sun Apr 23 14:51:23 2023  Windows 11 , 64 bit Build 22621 (10.0.22621.1485) elapsed time: 0.017963 seconds (0d 0h 0m 0s)

---------------  T H R E A D  ---------------

Current thread (0x0000024afc23a6d0):  JavaThread "Unknown thread" [_thread_in_vm, id=75560, stack(0x000000dfa1600000,0x000000dfa1700000)]

Stack: [0x000000dfa1600000,0x000000dfa1700000]
Native frames: (J=compiled Java code, j=interpreted, Vv=VM code, C=native code)
V  [jvm.dll+0x670baa]
V  [jvm.dll+0x7cfcb4]
V  [jvm.dll+0x7d145e]
V  [jvm.dll+0x7d1ac3]
V  [jvm.dll+0x242bc5]
V  [jvm.dll+0x66dac9]
V  [jvm.dll+0x662412]
V  [jvm.dll+0x300c0b]
V  [jvm.dll+0x3081a6]
V  [jvm.dll+0x357d0e]
V  [jvm.dll+0x357f3f]
V  [jvm.dll+0x2d7ec8]
V  [jvm.dll+0x2d8e34]
V  [jvm.dll+0x7a18c1]
V  [jvm.dll+0x365a91]
V  [jvm.dll+0x780d2c]
V  [jvm.dll+0x3e845f]
V  [jvm.dll+0x3e9f01]
C  [jli.dll+0x527b]
C  [ucrtbase.dll+0x29363]
C  [KERNEL32.DLL+0x1269d]
C  [ntdll.dll+0x5a9f8]


---------------  P R O C E S S  ---------------

Threads class SMR info:
_java_thread_list=0x00007ffdfdb19858, length=0, elements={
}

Java Threads: ( => current thread )

Other Threads:
  0x0000024afc28bfd0 GCTaskThread "GC Thread#0" [stack: 0x000000dfa1700000,0x000000dfa1800000] [id=56000]
  0x0000024afc29cc30 ConcurrentGCThread "G1 Main Marker" [stack: 0x000000dfa1800000,0x000000dfa1900000] [id=86744]
  0x0000024afc29d640 ConcurrentGCThread "G1 Conc#0" [stack: 0x000000dfa1900000,0x000000dfa1a00000] [id=74972]

[error occurred during error reporting (printing all threads), id 0xc0000005, EXCEPTION_ACCESS_VIOLATION (0xc0000005) at pc=0x00007ffdfd3688a7]

VM state: not at safepoint (not fully initialized)

VM Mutex/Monitor currently owned by a thread:  ([mutex/lock_event])
[0x0000024afc235470] Heap_lock - owner thread: 0x0000024afc23a6d0

Heap address: 0x0000000704400000, size: 4028 MB, Compressed Oops mode: Zero based, Oop shift amount: 3

CDS archive(s) mapped at: [0x0000000000000000-0x0000000000000000-0x0000000000000000), size 0, SharedBaseAddress: 0x0000000800000000, ArchiveRelocationMode: 0.
Narrow klass base: 0x0000000000000000, Narrow klass shift: 0, Narrow klass range: 0x0

GC Precious Log:
<Empty>

Heap:
 garbage-first heap   total 0K, used 0K [0x0000000704400000, 0x0000000800000000)
  region size 2048K, 0 young (0K), 0 survivors (0K)

[error occurred during error reporting (printing heap information), id 0xc0000005, EXCEPTION_ACCESS_VIOLATION (0xc0000005) at pc=0x00007ffdfd749f19]

GC Heap History (0 events):
No events

Deoptimization events (0 events):
No events

Classes unloaded (0 events):
No events

Classes redefined (0 events):
No events

Internal exceptions (0 events):
No events

VM Operations (0 events):
No events

Events (1 events):
Event: 0.011 Loaded shared library C:\Users\23763\Desktop\Java C++\jdk-17.0.2\bin\java.dll


Dynamic libraries:
0x00007ff78f930000 - 0x00007ff78f93e000 	C:\Users\23763\Desktop\Java C++\jdk-17.0.2\bin\java.exe
0x00007ffe8dab0000 - 0x00007ffe8dcc4000 	C:\WINDOWS\SYSTEM32\ntdll.dll
0x00007ffe8c300000 - 0x00007ffe8c3c2000 	C:\WINDOWS\System32\KERNEL32.DLL
0x00007ffe8b030000 - 0x00007ffe8b3cc000 	C:\WINDOWS\System32\KERNELBASE.dll
0x00007ffe8b7a0000 - 0x00007ffe8b8b1000 	C:\WINDOWS\System32\ucrtbase.dll
0x00007ffe5fdc0000 - 0x00007ffe5fdda000 	C:\Users\23763\Desktop\Java C++\jdk-17.0.2\bin\VCRUNTIME140.dll
0x00007ffe5fda0000 - 0x00007ffe5fdb8000 	C:\Users\23763\Desktop\Java C++\jdk-17.0.2\bin\jli.dll
0x00007ffe8c3e0000 - 0x00007ffe8c58b000 	C:\WINDOWS\System32\USER32.dll
0x00007ffe8b650000 - 0x00007ffe8b676000 	C:\WINDOWS\System32\win32u.dll
0x00007ffe8cb70000 - 0x00007ffe8cb99000 	C:\WINDOWS\System32\GDI32.dll
0x00007ffe8b680000 - 0x00007ffe8b793000 	C:\WINDOWS\System32\gdi32full.dll
0x00007ffe8b5b0000 - 0x00007ffe8b64a000 	C:\WINDOWS\System32\msvcp_win.dll
0x00007ffe6a720000 - 0x00007ffe6a9ae000 	C:\WINDOWS\WinSxS\amd64_microsoft.windows.common-controls_6595b64144ccf1df_6.0.22621.608_none_a9444ca7c10bb01d\COMCTL32.dll
0x00007ffe8d4d0000 - 0x00007ffe8d577000 	C:\WINDOWS\System32\msvcrt.dll
0x00007ffe8c2c0000 - 0x00007ffe8c2f1000 	C:\WINDOWS\System32\IMM32.DLL
0x00007ffe64eb0000 - 0x00007ffe64ebc000 	C:\Users\23763\Desktop\Java C++\jdk-17.0.2\bin\vcruntime140_1.dll
0x00007ffe5ddb0000 - 0x00007ffe5de3d000 	C:\Users\23763\Desktop\Java C++\jdk-17.0.2\bin\msvcp140.dll
0x00007ffdfd080000 - 0x00007ffdfdc41000 	C:\Users\23763\Desktop\Java C++\jdk-17.0.2\bin\server\jvm.dll
0x00007ffe8d6a0000 - 0x00007ffe8d74e000 	C:\WINDOWS\System32\ADVAPI32.dll
0x00007ffe8c620000 - 0x00007ffe8c6c4000 	C:\WINDOWS\System32\sechost.dll
0x00007ffe8c020000 - 0x00007ffe8c137000 	C:\WINDOWS\System32\RPCRT4.dll
0x00007ffe8d690000 - 0x00007ffe8d698000 	C:\WINDOWS\System32\PSAPI.DLL
0x00007ffe638b0000 - 0x00007ffe638e4000 	C:\WINDOWS\SYSTEM32\WINMM.dll
0x00007ffe84c50000 - 0x00007ffe84c5a000 	C:\WINDOWS\SYSTEM32\VERSION.dll
0x00007ffe83bc0000 - 0x00007ffe83bc9000 	C:\WINDOWS\SYSTEM32\WSOCK32.dll
0x00007ffe8d9f0000 - 0x00007ffe8da61000 	C:\WINDOWS\System32\WS2_32.dll
0x00007ffe8a030000 - 0x00007ffe8a048000 	C:\WINDOWS\SYSTEM32\kernel.appcore.dll
0x00007ffe64960000 - 0x00007ffe6496a000 	C:\Users\23763\Desktop\Java C++\jdk-17.0.2\bin\jimage.dll
0x00007ffe885b0000 - 0x00007ffe887de000 	C:\WINDOWS\SYSTEM32\DBGHELP.DLL
0x00007ffe8c7d0000 - 0x00007ffe8cb59000 	C:\WINDOWS\System32\combase.dll
0x00007ffe8d910000 - 0x00007ffe8d9e7000 	C:\WINDOWS\System32\OLEAUT32.dll
0x00007ffe84630000 - 0x00007ffe84662000 	C:\WINDOWS\SYSTEM32\dbgcore.DLL
0x00007ffe8afb0000 - 0x00007ffe8b02b000 	C:\WINDOWS\System32\bcryptPrimitives.dll
0x00007ffe5f680000 - 0x00007ffe5f6a5000 	C:\Users\23763\Desktop\Java C++\jdk-17.0.2\bin\java.dll

dbghelp: loaded successfully - version: 4.0.5 - missing functions: none
symbol engine: initialized successfully - sym options: 0x614 - pdb path: .;C:\Users\23763\Desktop\Java C++\jdk-17.0.2\bin;C:\WINDOWS\SYSTEM32;C:\WINDOWS\WinSxS\amd64_microsoft.windows.common-controls_6595b64144ccf1df_6.0.22621.608_none_a9444ca7c10bb01d;C:\Users\23763\Desktop\Java C++\jdk-17.0.2\bin\server

VM Arguments:
jvm_args: --module-path=C:\Users\23763\.m2\repository\org\openjfx\javafx-base\19.0.2.1\javafx-base-19.0.2.1-win.jar;C:\Users\23763\.m2\repository\org\openjfx\javafx-base\19.0.2.1\javafx-base-19.0.2.1.jar;C:\Users\23763\.m2\repository\org\openjfx\javafx-controls\19.0.2.1\javafx-controls-19.0.2.1-win.jar;C:\Users\23763\.m2\repository\org\openjfx\javafx-controls\19.0.2.1\javafx-controls-19.0.2.1.jar;C:\Users\23763\.m2\repository\org\openjfx\javafx-fxml\19.0.2.1\javafx-fxml-19.0.2.1-win.jar;C:\Users\23763\.m2\repository\org\openjfx\javafx-fxml\19.0.2.1\javafx-fxml-19.0.2.1.jar;C:\Users\23763\.m2\repository\org\openjfx\javafx-graphics\19.0.2.1\javafx-graphics-19.0.2.1-win.jar;C:\Users\23763\.m2\repository\org\openjfx\javafx-graphics\19.0.2.1\javafx-graphics-19.0.2.1.jar --add-modules=javafx.base,javafx.controls,javafx.fxml,javafx.graphics 
java_command: cn.edu.sustech.cs209.chatting.client.Main
java_class_path (initial): C:\Users\23763\Desktop\java\assignment2\Assignment2-main\Assignment2-main\chatting-client\target\classes;C:\Users\23763\.m2\repository\cn\edu\sustech\cs209\chatting\chatting-common\dev-SNAPSHOT\chatting-common-dev-SNAPSHOT.jar
Launcher Type: SUN_STANDARD

[Global flags]
     intx CICompilerCount                          = 12                                        {product} {ergonomic}
     uint ConcGCThreads                            = 3                                         {product} {ergonomic}
     uint G1ConcRefinementThreads                  = 13                                        {product} {ergonomic}
   size_t G1HeapRegionSize                         = 2097152                                   {product} {ergonomic}
    uintx GCDrainStackTargetSize                   = 64                                        {product} {ergonomic}
   size_t InitialHeapSize                          = 264241152                                 {product} {ergonomic}
   size_t MarkStackSize                            = 4194304                                   {product} {ergonomic}
   size_t MaxHeapSize                              = 4223664128                                {product} {ergonomic}
   size_t MinHeapDeltaBytes                        = 2097152                                   {product} {ergonomic}
   size_t MinHeapSize                              = 8388608                                   {product} {ergonomic}
    uintx NonNMethodCodeHeapSize                   = 7602480                                {pd product} {ergonomic}
    uintx NonProfiledCodeHeapSize                  = 122027880                              {pd product} {ergonomic}
    uintx ProfiledCodeHeapSize                     = 122027880                              {pd product} {ergonomic}
    uintx ReservedCodeCacheSize                    = 251658240                              {pd product} {ergonomic}
     bool SegmentedCodeCache                       = true                                      {product} {ergonomic}
   size_t SoftMaxHeapSize                          = 4223664128                             {manageable} {ergonomic}
     bool UseCompressedClassPointers               = true                           {product lp64_product} {ergonomic}
     bool UseCompressedOops                        = true                           {product lp64_product} {ergonomic}
     bool UseG1GC                                  = true                                      {product} {ergonomic}
     bool UseLargePagesIndividualAllocation        = false                                  {pd product} {ergonomic}

Logging:
Log output configuration:
 #0: stdout all=warning uptime,level,tags
 #1: stderr all=off uptime,level,tags

Environment Variables:
JAVA_HOME=C:\Users\23763\Desktop\Java C++\jdk-17.0.2
PATH=C:\Windows\system32;C:\Windows;C:\Windows\System32\Wbem;C:\Windows\System32\WindowsPowerShell\v1.0\;C:\Windows\System32\OpenSSH\;C:\Program Files (x86)\NVIDIA Corporation\PhysX\Common;C:\Program Files\NVIDIA Corporation\NVIDIA NvDLISR;C:\Users\23763\Desktop\Java C++\jdk-17.0.2\bin;C:\WINDOWS\system32;C:\WINDOWS;C:\WINDOWS\System32\Wbem;C:\WINDOWS\System32\WindowsPowerShell\v1.0\;C:\WINDOWS\System32\OpenSSH\;C:\Program Files (x86)\dotnet\;C:\Program Files\Git\cmd;C:\Program Files\mingw-w64\x86_64-8.1.0-posix-seh-rt_v6-rev0\mingw64\bin;C:\Program Files\dotnet\;C:\Users\23763\AppData\Local\Microsoft\WindowsApps;C:\Program Files\JetBrains\IntelliJ IDEA Community Edition 2022.2.2\bin;;C:\Users\23763\AppData\Local\GitHubDesktop\bin;C:\Users\23763\.dotnet\tools
USERNAME=23763
OS=Windows_NT
PROCESSOR_IDENTIFIER=Intel64 Family 6 Model 154 Stepping 3, GenuineIntel



---------------  S Y S T E M  ---------------

OS:
 Windows 11 , 64 bit Build 22621 (10.0.22621.1485)
OS uptime: 10 days 12:49 hours

CPU: total 16 (initial active 16) (8 cores per cpu, 2 threads per core) family 6 model 154 stepping 3 microcode 0x413, cx8, cmov, fxsr, ht, mmx, 3dnowpref, sse, sse2, sse3, ssse3, sse4.1, sse4.2, popcnt, lzcnt, tsc, tscinvbit, avx, avx2, aes, erms, clmul, bmi1, bmi2, adx, sha, fma, vzeroupper, clflush, clflushopt, clwb

Memory: 4k page, system-wide physical 16108M (844M free)
TotalPageFile size 41708M (AvailPageFile size 76M)
current process WorkingSet (physical memory assigned to process): 12M, peak: 12M
current process commit charge ("private bytes"): 70M, peak: 322M

vm_info: OpenJDK 64-Bit Server VM (17.0.2+8-86) for windows-amd64 JRE (17.0.2+8-86), built on Dec  7 2021 21:49:10 by "mach5one" with MS VC++ 16.8 / 16.9 (VS2019)

END.
